{
  "RSpec": {
    "coverage": {
      "/Users/kdhubbard/mod_2/projects/libraries_and_books/app/models/library.rb": {
        "lines": [
          1,
          1,
          null
        ]
      },
      "/Users/kdhubbard/mod_2/projects/libraries_and_books/app/controllers/libraries_controller.rb": {
        "lines": [
          1,
          1,
          0,
          null,
          null,
          1,
          1,
          null,
          null
        ]
      },
      "/Users/kdhubbard/mod_2/projects/libraries_and_books/app/controllers/application_controller.rb": {
        "lines": [
          1,
          null
        ]
      }
    },
    "timestamp": 1683681621
  }
}
